<?xml version="1.0" encoding="UTF-8"?>
<robot generator="Robot 5.0 (Python 3.7.9 on win32)" generated="20220505 01:06:43.762" rpa="false" schemaversion="3">
<suite id="s1" name="DemoTest" source="C:\Users\bhaba\Desktop\Programing\RobotFramework\TestFolder\DemoTest.robot">
<test id="s1-t1" name="TC1" line="8">
<kw name="Open Browser" library="Selenium2Library">
<arg>https://www.google.com</arg>
<arg>chrome</arg>
<doc>Opens a new browser instance to the optional ``url``.</doc>
<msg timestamp="20220505 01:06:43.991" level="INFO">Opening browser 'chrome' to base url 'https://www.google.com'.</msg>
<status status="PASS" starttime="20220505 01:06:43.991" endtime="20220505 01:06:48.706"/>
</kw>
<kw name="Maximize Browser Window" library="Selenium2Library">
<doc>Maximizes current browser window.</doc>
<status status="PASS" starttime="20220505 01:06:48.707" endtime="20220505 01:06:48.834"/>
</kw>
<kw name="Log" library="BuiltIn">
<arg>TC successfull....</arg>
<doc>Logs the given message with the given level.</doc>
<msg timestamp="20220505 01:06:48.837" level="INFO">TC successfull....</msg>
<status status="PASS" starttime="20220505 01:06:48.835" endtime="20220505 01:06:48.838"/>
</kw>
<kw name="Close Browser" library="Selenium2Library">
<doc>Closes the current browser.</doc>
<status status="PASS" starttime="20220505 01:06:48.839" endtime="20220505 01:06:51.119"/>
</kw>
<status status="PASS" starttime="20220505 01:06:43.990" endtime="20220505 01:06:51.120"/>
</test>
<status status="PASS" starttime="20220505 01:06:43.765" endtime="20220505 01:06:51.123"/>
</suite>
<statistics>
<total>
<stat pass="1" fail="0" skip="0">All Tests</stat>
</total>
<tag>
</tag>
<suite>
<stat pass="1" fail="0" skip="0" id="s1" name="DemoTest">DemoTest</stat>
</suite>
</statistics>
<errors>
</errors>
</robot>
